2026-06-10 12:05:31 | INFO     | === INÍCIO DA COLETA — VERSÃO 3.0 ===
2026-06-10 12:05:31 | INFO     | Período: 2024-01-01 → 2024-01-31 | GDELT: 152 termos | NewsAPI: 92 termos | RSS: 25 feeds
2026-06-10 12:05:31 | INFO     | ─── GDELT (152 termos × 84 meses) ───
2026-06-10 12:06:22 | WARNING  | GDELT | CAT1_Empresa | PETR4 | 1/2024 | 429 Client Error: Too Many Requests for url: https://api.gdeltproject.org/api/v2/doc/doc?query=%22PETR4%22+sourcelang%3Aportuguese&mode=artlist&maxrecords=250&startdatetime=20240101000000&enddatetime=20240131000000&sort=DateDesc&format=json
2026-06-10 12:06:55 | WARNING  | GDELT | CAT1_Empresa | PETR3 | 1/2024 | 429 Client Error: Too Many Requests for url: https://api.gdeltproject.org/api/v2/doc/doc?query=%22PETR3%22+sourcelang%3Aportuguese&mode=artlist&maxrecords=250&startdatetime=20240101000000&enddatetime=20240131000000&sort=DateDesc&format=json
2026-06-10 12:07:28 | WARNING  | GDELT | CAT1_Empresa | Petróleo Brasileiro SA | 1/2024 | 429 Client Error: Too Many Requests for url: https://api.gdeltproject.org/api/v2/doc/doc?query=%22Petr%C3%B3leo+Brasileiro+SA%22+sourcelang%3Aportuguese&mode=artlist&maxrecords=250&startdatetime=20240101000000&enddatetime=20240131000000&sort=DateDesc&format=json
2026-06-10 12:16:02 | INFO     | === INÍCIO DA COLETA — VERSÃO 3.0 ===
2026-06-10 12:16:02 | INFO     | Período: 2018-01-01 → 2025-12-31 | GDELT: 152 termos | NewsAPI: 92 termos | RSS: 25 feeds
2026-06-10 12:16:02 | INFO     | Retomando coleta — 221 artigos já gravados anteriormente.
2026-06-10 12:16:02 | INFO     | ─── GDELT (152 termos × 84 meses) ───
2026-06-10 12:16:12 | WARNING  | GDELT | HTTP 429 (rate limit) | tentativa 1/5 | aguardando 60s antes de tentar novamente...
2026-06-10 12:17:02 | INFO     | === INÍCIO DA COLETA — VERSÃO 3.0 ===
2026-06-10 12:17:02 | INFO     | Período: 2025-01-01 → 2025-01-31 | GDELT: 152 termos | NewsAPI: 92 termos | RSS: 25 feeds
2026-06-10 12:17:02 | INFO     | Retomando coleta — 221 artigos já gravados anteriormente.
2026-06-10 12:17:02 | INFO     | ─── GDELT (152 termos × 84 meses) ───
2026-06-10 12:17:14 | WARNING  | GDELT | HTTP 429 (rate limit) | tentativa 1/5 | aguardando 60s antes de tentar novamente...
2026-06-10 12:18:24 | WARNING  | GDELT | HTTP 429 (rate limit) | tentativa 2/5 | aguardando 60s antes de tentar novamente...
2026-06-10 12:19:31 | WARNING  | GDELT | HTTP 429 (rate limit) | tentativa 3/5 | aguardando 60s antes de tentar novamente...
2026-06-10 12:20:40 | WARNING  | GDELT | HTTP 429 (rate limit) | tentativa 4/5 | aguardando 60s antes de tentar novamente...
2026-06-10 12:21:46 | WARNING  | GDELT | HTTP 429 (rate limit) | tentativa 5/5 | aguardando 60s antes de tentar novamente...
2026-06-10 12:22:46 | ERROR    | GDELT | 5 tentativas esgotadas para params="Petrobras" sourcelang:portuguese | termo será pulado.
2026-06-10 12:23:01 | WARNING  | GDELT | HTTP 429 (rate limit) | tentativa 1/5 | aguardando 60s antes de tentar novamente...
2026-06-10 12:24:07 | WARNING  | GDELT | HTTP 429 (rate limit) | tentativa 2/5 | aguardando 60s antes de tentar novamente...
2026-06-10 12:25:17 | WARNING  | GDELT | HTTP 429 (rate limit) | tentativa 3/5 | aguardando 60s antes de tentar novamente...
2026-06-10 12:26:24 | WARNING  | GDELT | HTTP 429 (rate limit) | tentativa 4/5 | aguardando 60s antes de tentar novamente...
2026-06-10 12:28:22 | WARNING  | GDELT | HTTP 429 (rate limit) | tentativa 1/5 | aguardando 60s antes de tentar novamente...
2026-06-10 12:29:26 | WARNING  | GDELT | HTTP 429 (rate limit) | tentativa 2/5 | aguardando 60s antes de tentar novamente...
2026-06-10 12:30:43 | WARNING  | GDELT | HTTP 429 (rate limit) | tentativa 3/5 | aguardando 60s antes de tentar novamente...
2026-06-10 12:31:53 | WARNING  | GDELT | HTTP 429 (rate limit) | tentativa 4/5 | aguardando 60s antes de tentar novamente...
2026-06-10 12:33:10 | WARNING  | GDELT | HTTP 429 (rate limit) | tentativa 5/5 | aguardando 60s antes de tentar novamente...
2026-06-10 12:34:10 | ERROR    | GDELT | 5 tentativas esgotadas para params="petróleo brasileiro S.A." sourcelang:portuguese | termo será pulado.
2026-06-10 12:34:26 | WARNING  | GDELT | HTTP 429 (rate limit) | tentativa 1/5 | aguardando 60s antes de tentar novamente...
2026-06-10 12:35:36 | WARNING  | GDELT | HTTP 429 (rate limit) | tentativa 2/5 | aguardando 60s antes de tentar novamente...
2026-06-10 12:36:44 | WARNING  | GDELT | HTTP 429 (rate limit) | tentativa 3/5 | aguardando 60s antes de tentar novamente...
2026-06-10 12:37:51 | WARNING  | GDELT | HTTP 429 (rate limit) | tentativa 4/5 | aguardando 60s antes de tentar novamente...
2026-06-10 12:38:56 | WARNING  | GDELT | HTTP 429 (rate limit) | tentativa 5/5 | aguardando 60s antes de tentar novamente...
2026-06-10 12:39:56 | ERROR    | GDELT | 5 tentativas esgotadas para params="pré-sal" sourcelang:portuguese | termo será pulado.
2026-06-10 12:40:37 | WARNING  | GDELT | HTTP 429 (rate limit) | tentativa 1/5 | aguardando 60s antes de tentar novamente...
2026-06-10 12:42:56 | WARNING  | GDELT | HTTP 429 (rate limit) | tentativa 1/5 | aguardando 60s antes de tentar novamente...
2026-06-10 12:44:18 | WARNING  | GDELT | HTTP 429 (rate limit) | tentativa 1/5 | aguardando 60s antes de tentar novamente...
